// : Operator
main : Identifier
as : Keyword
function : Keyword
(0 : Symbol
). : Symbol
n : Identifier
as : Keyword
integer : Keyword
. : Operator
a : Identifier
as : Keyword
vector : Keyword
(i : Symbol
nteger : Identifier
). : Symbol
sum : Identifier
as : Keyword
integer : Keyword
. : Operator
sum : Identifier
<- : Operator
0 : Number
. : Operator
n : Identifier
<- : Operator
reader : Keyword
(i : Symbol
nput : Identifier
). : Symbol
// : Operator
for : Keyword
i : Identifier
in : Identifier
(1 : Symbol
,  : Symbol
n : Identifier
). : Symbol
x : Identifier
as : Keyword
integer : Keyword
. : Operator
x : Identifier
<- : Operator
reader : Keyword
(i : Symbol
nput : Identifier
). : Symbol
sum : Identifier
<- : Operator
sum : Identifier
+  : Symbol
x : Identifier
. : Operator
\\ : Operator
writer : Keyword
(o : Symbol
utput : Identifier
(1 : Symbol
), : Symbol
sum : Identifier
). : Symbol
main : Identifier
<- : Operator
0 : Number
. : Operator
\\ : Operator
